{
  "RSpec": {
    "coverage": {
      "/Users/Nat/Projects/tech_tests/tic_tac_toe/spec/grid_spec.rb": [
        1,
        null,
        1,
        null,
        2,
        null,
        1,
        1,
        1,
        null,
        null,
        null
      ],
      "/Users/Nat/Projects/tech_tests/tic_tac_toe/lib/grid.rb": [
        null,
        1,
        null,
        1,
        null,
        1,
        1,
        null,
        null,
        null
      ]
    },
    "timestamp": 1574262022
  }
}
