{
  "RSpec": {
    "coverage": {
      "/Users/Nat/Projects/tech_tests/tic_tac_toe/spec/game_spec.rb": [
        1,
        null,
        1,
        7,
        null,
        1,
        1,
        1,
        null,
        null,
        null,
        1,
        1,
        1,
        1,
        null,
        null,
        1,
        1,
        2,
        null,
        null,
        1,
        1,
        1,
        null,
        null,
        1,
        1,
        null,
        null,
        null,
        1,
        1,
        1,
        1,
        1,
        1,
        1,
        1,
        1,
        1,
        1,
        1,
        null,
        null,
        null
      ],
      "/Users/Nat/Projects/tech_tests/tic_tac_toe/lib/game.rb": [
        1,
        1,
        null,
        1,
        1,
        1,
        null,
        1,
        6,
        6,
        6,
        6,
        null,
        null,
        1,
        14,
        null,
        13,
        13,
        null,
        null,
        1,
        1,
        null,
        null,
        1,
        null,
        1,
        14,
        null,
        null,
        1,
        13,
        13,
        null,
        null,
        null
      ],
      "/Users/Nat/Projects/tech_tests/tic_tac_toe/lib/grid.rb": [
        1,
        null,
        1,
        null,
        1,
        8,
        null,
        null,
        null,
        null,
        null,
        null,
        null,
        null,
        null,
        null,
        null,
        1,
        15,
        null,
        null,
        1,
        12,
        null,
        null,
        null
      ],
      "/Users/Nat/Projects/tech_tests/tic_tac_toe/lib/player.rb": [
        1,
        1,
        null,
        1,
        13,
        null,
        null,
        null
      ],
      "/Users/Nat/Projects/tech_tests/tic_tac_toe/spec/grid_spec.rb": [
        1,
        null,
        1,
        null,
        3,
        null,
        1,
        1,
        1,
        null,
        null,
        null,
        1,
        1,
        1,
        null,
        null,
        null
      ],
      "/Users/Nat/Projects/tech_tests/tic_tac_toe/spec/player_spec.rb": [
        1,
        null,
        1,
        2,
        null,
        1,
        1,
        1,
        null,
        null,
        null
      ]
    },
    "timestamp": 1574338875
  }
}
